Created by PLY version 3.8 (http://www.dabeaz.com/ply)

Grammar

Rule 0     S' -> S
Rule 1     S -> NOTA t TIEMPO d DURACION - S
Rule 2     S -> NOTA t TIEMPO d DURACION | S
Rule 3     S -> NOTA t TIEMPO d DURACION
Rule 4     S -> NOTA t TIEMPO - S
Rule 5     S -> NOTA t TIEMPO | S
Rule 6     S -> NOTA t TIEMPO
Rule 7     S -> MOD ( MODOOCTAVA ) - S
Rule 8     S -> MOD ( MODOOCTAVA ) | S
Rule 9     S -> MOD ( MODOOCTAVA )
Rule 10    S -> MOD ( MODODURACION ) - S
Rule 11    S -> MOD ( MODODURACION ) | S
Rule 12    S -> MOD ( MODODURACION )
Rule 13    S -> INSTRUMENTO ( CAMBIOINSTRUMENTO ) - S
Rule 14    S -> INSTRUMENTO ( CAMBIOINSTRUMENTO ) | S
Rule 15    S -> INSTRUMENTO ( CAMBIOINSTRUMENTO )
Rule 16    S -> MODOTEMPO - S
Rule 17    S -> MODOTEMPO | S
Rule 18    S -> MODOTEMPO
Rule 19    S -> | S
Rule 20    S -> <empty>

Terminals, with rules where they appear

(                    : 7 8 9 10 11 12 13 14 15
)                    : 7 8 9 10 11 12 13 14 15
-                    : 1 4 7 10 13 16
CAMBIOINSTRUMENTO    : 13 14 15
DURACION             : 1 2 3
INSTRUMENTO          : 13 14 15
MOD                  : 7 8 9 10 11 12
MODODURACION         : 10 11 12
MODOOCTAVA           : 7 8 9
MODOTEMPO            : 16 17 18
NOTA                 : 1 2 3 4 5 6
TIEMPO               : 1 2 3 4 5 6
d                    : 1 2 3
error                : 
t                    : 1 2 3 4 5 6
|                    : 2 5 8 11 14 17 19

Nonterminals, with rules where they appear

S                    : 1 2 4 5 7 8 10 11 13 14 16 17 19 0

Parsing method: LALR

state 0

    (0) S' -> . S
    (1) S -> . NOTA t TIEMPO d DURACION - S
    (2) S -> . NOTA t TIEMPO d DURACION | S
    (3) S -> . NOTA t TIEMPO d DURACION
    (4) S -> . NOTA t TIEMPO - S
    (5) S -> . NOTA t TIEMPO | S
    (6) S -> . NOTA t TIEMPO
    (7) S -> . MOD ( MODOOCTAVA ) - S
    (8) S -> . MOD ( MODOOCTAVA ) | S
    (9) S -> . MOD ( MODOOCTAVA )
    (10) S -> . MOD ( MODODURACION ) - S
    (11) S -> . MOD ( MODODURACION ) | S
    (12) S -> . MOD ( MODODURACION )
    (13) S -> . INSTRUMENTO ( CAMBIOINSTRUMENTO ) - S
    (14) S -> . INSTRUMENTO ( CAMBIOINSTRUMENTO ) | S
    (15) S -> . INSTRUMENTO ( CAMBIOINSTRUMENTO )
    (16) S -> . MODOTEMPO - S
    (17) S -> . MODOTEMPO | S
    (18) S -> . MODOTEMPO
    (19) S -> . | S
    (20) S -> .

    NOTA            shift and go to state 4
    MOD             shift and go to state 6
    INSTRUMENTO     shift and go to state 3
    MODOTEMPO       shift and go to state 1
    |               shift and go to state 5
    $end            reduce using rule 20 (S -> .)

    S                              shift and go to state 2

state 1

    (16) S -> MODOTEMPO . - S
    (17) S -> MODOTEMPO . | S
    (18) S -> MODOTEMPO .

    -               shift and go to state 7
    |               shift and go to state 8
    $end            reduce using rule 18 (S -> MODOTEMPO .)


state 2

    (0) S' -> S .



state 3

    (13) S -> INSTRUMENTO . ( CAMBIOINSTRUMENTO ) - S
    (14) S -> INSTRUMENTO . ( CAMBIOINSTRUMENTO ) | S
    (15) S -> INSTRUMENTO . ( CAMBIOINSTRUMENTO )

    (               shift and go to state 9


state 4

    (1) S -> NOTA . t TIEMPO d DURACION - S
    (2) S -> NOTA . t TIEMPO d DURACION | S
    (3) S -> NOTA . t TIEMPO d DURACION
    (4) S -> NOTA . t TIEMPO - S
    (5) S -> NOTA . t TIEMPO | S
    (6) S -> NOTA . t TIEMPO

    t               shift and go to state 10


state 5

    (19) S -> | . S
    (1) S -> . NOTA t TIEMPO d DURACION - S
    (2) S -> . NOTA t TIEMPO d DURACION | S
    (3) S -> . NOTA t TIEMPO d DURACION
    (4) S -> . NOTA t TIEMPO - S
    (5) S -> . NOTA t TIEMPO | S
    (6) S -> . NOTA t TIEMPO
    (7) S -> . MOD ( MODOOCTAVA ) - S
    (8) S -> . MOD ( MODOOCTAVA ) | S
    (9) S -> . MOD ( MODOOCTAVA )
    (10) S -> . MOD ( MODODURACION ) - S
    (11) S -> . MOD ( MODODURACION ) | S
    (12) S -> . MOD ( MODODURACION )
    (13) S -> . INSTRUMENTO ( CAMBIOINSTRUMENTO ) - S
    (14) S -> . INSTRUMENTO ( CAMBIOINSTRUMENTO ) | S
    (15) S -> . INSTRUMENTO ( CAMBIOINSTRUMENTO )
    (16) S -> . MODOTEMPO - S
    (17) S -> . MODOTEMPO | S
    (18) S -> . MODOTEMPO
    (19) S -> . | S
    (20) S -> .

    NOTA            shift and go to state 4
    MOD             shift and go to state 6
    INSTRUMENTO     shift and go to state 3
    MODOTEMPO       shift and go to state 1
    |               shift and go to state 5
    $end            reduce using rule 20 (S -> .)

    S                              shift and go to state 11

state 6

    (7) S -> MOD . ( MODOOCTAVA ) - S
    (8) S -> MOD . ( MODOOCTAVA ) | S
    (9) S -> MOD . ( MODOOCTAVA )
    (10) S -> MOD . ( MODODURACION ) - S
    (11) S -> MOD . ( MODODURACION ) | S
    (12) S -> MOD . ( MODODURACION )

    (               shift and go to state 12


state 7

    (16) S -> MODOTEMPO - . S
    (1) S -> . NOTA t TIEMPO d DURACION - S
    (2) S -> . NOTA t TIEMPO d DURACION | S
    (3) S -> . NOTA t TIEMPO d DURACION
    (4) S -> . NOTA t TIEMPO - S
    (5) S -> . NOTA t TIEMPO | S
    (6) S -> . NOTA t TIEMPO
    (7) S -> . MOD ( MODOOCTAVA ) - S
    (8) S -> . MOD ( MODOOCTAVA ) | S
    (9) S -> . MOD ( MODOOCTAVA )
    (10) S -> . MOD ( MODODURACION ) - S
    (11) S -> . MOD ( MODODURACION ) | S
    (12) S -> . MOD ( MODODURACION )
    (13) S -> . INSTRUMENTO ( CAMBIOINSTRUMENTO ) - S
    (14) S -> . INSTRUMENTO ( CAMBIOINSTRUMENTO ) | S
    (15) S -> . INSTRUMENTO ( CAMBIOINSTRUMENTO )
    (16) S -> . MODOTEMPO - S
    (17) S -> . MODOTEMPO | S
    (18) S -> . MODOTEMPO
    (19) S -> . | S
    (20) S -> .

    NOTA            shift and go to state 4
    MOD             shift and go to state 6
    INSTRUMENTO     shift and go to state 3
    MODOTEMPO       shift and go to state 1
    |               shift and go to state 5
    $end            reduce using rule 20 (S -> .)

    S                              shift and go to state 13

state 8

    (17) S -> MODOTEMPO | . S
    (1) S -> . NOTA t TIEMPO d DURACION - S
    (2) S -> . NOTA t TIEMPO d DURACION | S
    (3) S -> . NOTA t TIEMPO d DURACION
    (4) S -> . NOTA t TIEMPO - S
    (5) S -> . NOTA t TIEMPO | S
    (6) S -> . NOTA t TIEMPO
    (7) S -> . MOD ( MODOOCTAVA ) - S
    (8) S -> . MOD ( MODOOCTAVA ) | S
    (9) S -> . MOD ( MODOOCTAVA )
    (10) S -> . MOD ( MODODURACION ) - S
    (11) S -> . MOD ( MODODURACION ) | S
    (12) S -> . MOD ( MODODURACION )
    (13) S -> . INSTRUMENTO ( CAMBIOINSTRUMENTO ) - S
    (14) S -> . INSTRUMENTO ( CAMBIOINSTRUMENTO ) | S
    (15) S -> . INSTRUMENTO ( CAMBIOINSTRUMENTO )
    (16) S -> . MODOTEMPO - S
    (17) S -> . MODOTEMPO | S
    (18) S -> . MODOTEMPO
    (19) S -> . | S
    (20) S -> .

    NOTA            shift and go to state 4
    MOD             shift and go to state 6
    INSTRUMENTO     shift and go to state 3
    MODOTEMPO       shift and go to state 1
    |               shift and go to state 5
    $end            reduce using rule 20 (S -> .)

    S                              shift and go to state 14

state 9

    (13) S -> INSTRUMENTO ( . CAMBIOINSTRUMENTO ) - S
    (14) S -> INSTRUMENTO ( . CAMBIOINSTRUMENTO ) | S
    (15) S -> INSTRUMENTO ( . CAMBIOINSTRUMENTO )

    CAMBIOINSTRUMENTO shift and go to state 15


state 10

    (1) S -> NOTA t . TIEMPO d DURACION - S
    (2) S -> NOTA t . TIEMPO d DURACION | S
    (3) S -> NOTA t . TIEMPO d DURACION
    (4) S -> NOTA t . TIEMPO - S
    (5) S -> NOTA t . TIEMPO | S
    (6) S -> NOTA t . TIEMPO

    TIEMPO          shift and go to state 16


state 11

    (19) S -> | S .

    $end            reduce using rule 19 (S -> | S .)


state 12

    (7) S -> MOD ( . MODOOCTAVA ) - S
    (8) S -> MOD ( . MODOOCTAVA ) | S
    (9) S -> MOD ( . MODOOCTAVA )
    (10) S -> MOD ( . MODODURACION ) - S
    (11) S -> MOD ( . MODODURACION ) | S
    (12) S -> MOD ( . MODODURACION )

    MODOOCTAVA      shift and go to state 17
    MODODURACION    shift and go to state 18


state 13

    (16) S -> MODOTEMPO - S .

    $end            reduce using rule 16 (S -> MODOTEMPO - S .)


state 14

    (17) S -> MODOTEMPO | S .

    $end            reduce using rule 17 (S -> MODOTEMPO | S .)


state 15

    (13) S -> INSTRUMENTO ( CAMBIOINSTRUMENTO . ) - S
    (14) S -> INSTRUMENTO ( CAMBIOINSTRUMENTO . ) | S
    (15) S -> INSTRUMENTO ( CAMBIOINSTRUMENTO . )

    )               shift and go to state 19


state 16

    (1) S -> NOTA t TIEMPO . d DURACION - S
    (2) S -> NOTA t TIEMPO . d DURACION | S
    (3) S -> NOTA t TIEMPO . d DURACION
    (4) S -> NOTA t TIEMPO . - S
    (5) S -> NOTA t TIEMPO . | S
    (6) S -> NOTA t TIEMPO .

    d               shift and go to state 20
    -               shift and go to state 21
    |               shift and go to state 22
    $end            reduce using rule 6 (S -> NOTA t TIEMPO .)


state 17

    (7) S -> MOD ( MODOOCTAVA . ) - S
    (8) S -> MOD ( MODOOCTAVA . ) | S
    (9) S -> MOD ( MODOOCTAVA . )

    )               shift and go to state 23


state 18

    (10) S -> MOD ( MODODURACION . ) - S
    (11) S -> MOD ( MODODURACION . ) | S
    (12) S -> MOD ( MODODURACION . )

    )               shift and go to state 24


state 19

    (13) S -> INSTRUMENTO ( CAMBIOINSTRUMENTO ) . - S
    (14) S -> INSTRUMENTO ( CAMBIOINSTRUMENTO ) . | S
    (15) S -> INSTRUMENTO ( CAMBIOINSTRUMENTO ) .

    -               shift and go to state 25
    |               shift and go to state 26
    $end            reduce using rule 15 (S -> INSTRUMENTO ( CAMBIOINSTRUMENTO ) .)


state 20

    (1) S -> NOTA t TIEMPO d . DURACION - S
    (2) S -> NOTA t TIEMPO d . DURACION | S
    (3) S -> NOTA t TIEMPO d . DURACION

    DURACION        shift and go to state 27


state 21

    (4) S -> NOTA t TIEMPO - . S
    (1) S -> . NOTA t TIEMPO d DURACION - S
    (2) S -> . NOTA t TIEMPO d DURACION | S
    (3) S -> . NOTA t TIEMPO d DURACION
    (4) S -> . NOTA t TIEMPO - S
    (5) S -> . NOTA t TIEMPO | S
    (6) S -> . NOTA t TIEMPO
    (7) S -> . MOD ( MODOOCTAVA ) - S
    (8) S -> . MOD ( MODOOCTAVA ) | S
    (9) S -> . MOD ( MODOOCTAVA )
    (10) S -> . MOD ( MODODURACION ) - S
    (11) S -> . MOD ( MODODURACION ) | S
    (12) S -> . MOD ( MODODURACION )
    (13) S -> . INSTRUMENTO ( CAMBIOINSTRUMENTO ) - S
    (14) S -> . INSTRUMENTO ( CAMBIOINSTRUMENTO ) | S
    (15) S -> . INSTRUMENTO ( CAMBIOINSTRUMENTO )
    (16) S -> . MODOTEMPO - S
    (17) S -> . MODOTEMPO | S
    (18) S -> . MODOTEMPO
    (19) S -> . | S
    (20) S -> .

    NOTA            shift and go to state 4
    MOD             shift and go to state 6
    INSTRUMENTO     shift and go to state 3
    MODOTEMPO       shift and go to state 1
    |               shift and go to state 5
    $end            reduce using rule 20 (S -> .)

    S                              shift and go to state 28

state 22

    (5) S -> NOTA t TIEMPO | . S
    (1) S -> . NOTA t TIEMPO d DURACION - S
    (2) S -> . NOTA t TIEMPO d DURACION | S
    (3) S -> . NOTA t TIEMPO d DURACION
    (4) S -> . NOTA t TIEMPO - S
    (5) S -> . NOTA t TIEMPO | S
    (6) S -> . NOTA t TIEMPO
    (7) S -> . MOD ( MODOOCTAVA ) - S
    (8) S -> . MOD ( MODOOCTAVA ) | S
    (9) S -> . MOD ( MODOOCTAVA )
    (10) S -> . MOD ( MODODURACION ) - S
    (11) S -> . MOD ( MODODURACION ) | S
    (12) S -> . MOD ( MODODURACION )
    (13) S -> . INSTRUMENTO ( CAMBIOINSTRUMENTO ) - S
    (14) S -> . INSTRUMENTO ( CAMBIOINSTRUMENTO ) | S
    (15) S -> . INSTRUMENTO ( CAMBIOINSTRUMENTO )
    (16) S -> . MODOTEMPO - S
    (17) S -> . MODOTEMPO | S
    (18) S -> . MODOTEMPO
    (19) S -> . | S
    (20) S -> .

    NOTA            shift and go to state 4
    MOD             shift and go to state 6
    INSTRUMENTO     shift and go to state 3
    MODOTEMPO       shift and go to state 1
    |               shift and go to state 5
    $end            reduce using rule 20 (S -> .)

    S                              shift and go to state 29

state 23

    (7) S -> MOD ( MODOOCTAVA ) . - S
    (8) S -> MOD ( MODOOCTAVA ) . | S
    (9) S -> MOD ( MODOOCTAVA ) .

    -               shift and go to state 30
    |               shift and go to state 31
    $end            reduce using rule 9 (S -> MOD ( MODOOCTAVA ) .)


state 24

    (10) S -> MOD ( MODODURACION ) . - S
    (11) S -> MOD ( MODODURACION ) . | S
    (12) S -> MOD ( MODODURACION ) .

    -               shift and go to state 32
    |               shift and go to state 33
    $end            reduce using rule 12 (S -> MOD ( MODODURACION ) .)


state 25

    (13) S -> INSTRUMENTO ( CAMBIOINSTRUMENTO ) - . S
    (1) S -> . NOTA t TIEMPO d DURACION - S
    (2) S -> . NOTA t TIEMPO d DURACION | S
    (3) S -> . NOTA t TIEMPO d DURACION
    (4) S -> . NOTA t TIEMPO - S
    (5) S -> . NOTA t TIEMPO | S
    (6) S -> . NOTA t TIEMPO
    (7) S -> . MOD ( MODOOCTAVA ) - S
    (8) S -> . MOD ( MODOOCTAVA ) | S
    (9) S -> . MOD ( MODOOCTAVA )
    (10) S -> . MOD ( MODODURACION ) - S
    (11) S -> . MOD ( MODODURACION ) | S
    (12) S -> . MOD ( MODODURACION )
    (13) S -> . INSTRUMENTO ( CAMBIOINSTRUMENTO ) - S
    (14) S -> . INSTRUMENTO ( CAMBIOINSTRUMENTO ) | S
    (15) S -> . INSTRUMENTO ( CAMBIOINSTRUMENTO )
    (16) S -> . MODOTEMPO - S
    (17) S -> . MODOTEMPO | S
    (18) S -> . MODOTEMPO
    (19) S -> . | S
    (20) S -> .

    NOTA            shift and go to state 4
    MOD             shift and go to state 6
    INSTRUMENTO     shift and go to state 3
    MODOTEMPO       shift and go to state 1
    |               shift and go to state 5
    $end            reduce using rule 20 (S -> .)

    S                              shift and go to state 34

state 26

    (14) S -> INSTRUMENTO ( CAMBIOINSTRUMENTO ) | . S
    (1) S -> . NOTA t TIEMPO d DURACION - S
    (2) S -> . NOTA t TIEMPO d DURACION | S
    (3) S -> . NOTA t TIEMPO d DURACION
    (4) S -> . NOTA t TIEMPO - S
    (5) S -> . NOTA t TIEMPO | S
    (6) S -> . NOTA t TIEMPO
    (7) S -> . MOD ( MODOOCTAVA ) - S
    (8) S -> . MOD ( MODOOCTAVA ) | S
    (9) S -> . MOD ( MODOOCTAVA )
    (10) S -> . MOD ( MODODURACION ) - S
    (11) S -> . MOD ( MODODURACION ) | S
    (12) S -> . MOD ( MODODURACION )
    (13) S -> . INSTRUMENTO ( CAMBIOINSTRUMENTO ) - S
    (14) S -> . INSTRUMENTO ( CAMBIOINSTRUMENTO ) | S
    (15) S -> . INSTRUMENTO ( CAMBIOINSTRUMENTO )
    (16) S -> . MODOTEMPO - S
    (17) S -> . MODOTEMPO | S
    (18) S -> . MODOTEMPO
    (19) S -> . | S
    (20) S -> .

    NOTA            shift and go to state 4
    MOD             shift and go to state 6
    INSTRUMENTO     shift and go to state 3
    MODOTEMPO       shift and go to state 1
    |               shift and go to state 5
    $end            reduce using rule 20 (S -> .)

    S                              shift and go to state 35

state 27

    (1) S -> NOTA t TIEMPO d DURACION . - S
    (2) S -> NOTA t TIEMPO d DURACION . | S
    (3) S -> NOTA t TIEMPO d DURACION .

    -               shift and go to state 36
    |               shift and go to state 37
    $end            reduce using rule 3 (S -> NOTA t TIEMPO d DURACION .)


state 28

    (4) S -> NOTA t TIEMPO - S .

    $end            reduce using rule 4 (S -> NOTA t TIEMPO - S .)


state 29

    (5) S -> NOTA t TIEMPO | S .

    $end            reduce using rule 5 (S -> NOTA t TIEMPO | S .)


state 30

    (7) S -> MOD ( MODOOCTAVA ) - . S
    (1) S -> . NOTA t TIEMPO d DURACION - S
    (2) S -> . NOTA t TIEMPO d DURACION | S
    (3) S -> . NOTA t TIEMPO d DURACION
    (4) S -> . NOTA t TIEMPO - S
    (5) S -> . NOTA t TIEMPO | S
    (6) S -> . NOTA t TIEMPO
    (7) S -> . MOD ( MODOOCTAVA ) - S
    (8) S -> . MOD ( MODOOCTAVA ) | S
    (9) S -> . MOD ( MODOOCTAVA )
    (10) S -> . MOD ( MODODURACION ) - S
    (11) S -> . MOD ( MODODURACION ) | S
    (12) S -> . MOD ( MODODURACION )
    (13) S -> . INSTRUMENTO ( CAMBIOINSTRUMENTO ) - S
    (14) S -> . INSTRUMENTO ( CAMBIOINSTRUMENTO ) | S
    (15) S -> . INSTRUMENTO ( CAMBIOINSTRUMENTO )
    (16) S -> . MODOTEMPO - S
    (17) S -> . MODOTEMPO | S
    (18) S -> . MODOTEMPO
    (19) S -> . | S
    (20) S -> .

    NOTA            shift and go to state 4
    MOD             shift and go to state 6
    INSTRUMENTO     shift and go to state 3
    MODOTEMPO       shift and go to state 1
    |               shift and go to state 5
    $end            reduce using rule 20 (S -> .)

    S                              shift and go to state 38

state 31

    (8) S -> MOD ( MODOOCTAVA ) | . S
    (1) S -> . NOTA t TIEMPO d DURACION - S
    (2) S -> . NOTA t TIEMPO d DURACION | S
    (3) S -> . NOTA t TIEMPO d DURACION
    (4) S -> . NOTA t TIEMPO - S
    (5) S -> . NOTA t TIEMPO | S
    (6) S -> . NOTA t TIEMPO
    (7) S -> . MOD ( MODOOCTAVA ) - S
    (8) S -> . MOD ( MODOOCTAVA ) | S
    (9) S -> . MOD ( MODOOCTAVA )
    (10) S -> . MOD ( MODODURACION ) - S
    (11) S -> . MOD ( MODODURACION ) | S
    (12) S -> . MOD ( MODODURACION )
    (13) S -> . INSTRUMENTO ( CAMBIOINSTRUMENTO ) - S
    (14) S -> . INSTRUMENTO ( CAMBIOINSTRUMENTO ) | S
    (15) S -> . INSTRUMENTO ( CAMBIOINSTRUMENTO )
    (16) S -> . MODOTEMPO - S
    (17) S -> . MODOTEMPO | S
    (18) S -> . MODOTEMPO
    (19) S -> . | S
    (20) S -> .

    NOTA            shift and go to state 4
    MOD             shift and go to state 6
    INSTRUMENTO     shift and go to state 3
    MODOTEMPO       shift and go to state 1
    |               shift and go to state 5
    $end            reduce using rule 20 (S -> .)

    S                              shift and go to state 39

state 32

    (10) S -> MOD ( MODODURACION ) - . S
    (1) S -> . NOTA t TIEMPO d DURACION - S
    (2) S -> . NOTA t TIEMPO d DURACION | S
    (3) S -> . NOTA t TIEMPO d DURACION
    (4) S -> . NOTA t TIEMPO - S
    (5) S -> . NOTA t TIEMPO | S
    (6) S -> . NOTA t TIEMPO
    (7) S -> . MOD ( MODOOCTAVA ) - S
    (8) S -> . MOD ( MODOOCTAVA ) | S
    (9) S -> . MOD ( MODOOCTAVA )
    (10) S -> . MOD ( MODODURACION ) - S
    (11) S -> . MOD ( MODODURACION ) | S
    (12) S -> . MOD ( MODODURACION )
    (13) S -> . INSTRUMENTO ( CAMBIOINSTRUMENTO ) - S
    (14) S -> . INSTRUMENTO ( CAMBIOINSTRUMENTO ) | S
    (15) S -> . INSTRUMENTO ( CAMBIOINSTRUMENTO )
    (16) S -> . MODOTEMPO - S
    (17) S -> . MODOTEMPO | S
    (18) S -> . MODOTEMPO
    (19) S -> . | S
    (20) S -> .

    NOTA            shift and go to state 4
    MOD             shift and go to state 6
    INSTRUMENTO     shift and go to state 3
    MODOTEMPO       shift and go to state 1
    |               shift and go to state 5
    $end            reduce using rule 20 (S -> .)

    S                              shift and go to state 40

state 33

    (11) S -> MOD ( MODODURACION ) | . S
    (1) S -> . NOTA t TIEMPO d DURACION - S
    (2) S -> . NOTA t TIEMPO d DURACION | S
    (3) S -> . NOTA t TIEMPO d DURACION
    (4) S -> . NOTA t TIEMPO - S
    (5) S -> . NOTA t TIEMPO | S
    (6) S -> . NOTA t TIEMPO
    (7) S -> . MOD ( MODOOCTAVA ) - S
    (8) S -> . MOD ( MODOOCTAVA ) | S
    (9) S -> . MOD ( MODOOCTAVA )
    (10) S -> . MOD ( MODODURACION ) - S
    (11) S -> . MOD ( MODODURACION ) | S
    (12) S -> . MOD ( MODODURACION )
    (13) S -> . INSTRUMENTO ( CAMBIOINSTRUMENTO ) - S
    (14) S -> . INSTRUMENTO ( CAMBIOINSTRUMENTO ) | S
    (15) S -> . INSTRUMENTO ( CAMBIOINSTRUMENTO )
    (16) S -> . MODOTEMPO - S
    (17) S -> . MODOTEMPO | S
    (18) S -> . MODOTEMPO
    (19) S -> . | S
    (20) S -> .

    NOTA            shift and go to state 4
    MOD             shift and go to state 6
    INSTRUMENTO     shift and go to state 3
    MODOTEMPO       shift and go to state 1
    |               shift and go to state 5
    $end            reduce using rule 20 (S -> .)

    S                              shift and go to state 41

state 34

    (13) S -> INSTRUMENTO ( CAMBIOINSTRUMENTO ) - S .

    $end            reduce using rule 13 (S -> INSTRUMENTO ( CAMBIOINSTRUMENTO ) - S .)


state 35

    (14) S -> INSTRUMENTO ( CAMBIOINSTRUMENTO ) | S .

    $end            reduce using rule 14 (S -> INSTRUMENTO ( CAMBIOINSTRUMENTO ) | S .)


state 36

    (1) S -> NOTA t TIEMPO d DURACION - . S
    (1) S -> . NOTA t TIEMPO d DURACION - S
    (2) S -> . NOTA t TIEMPO d DURACION | S
    (3) S -> . NOTA t TIEMPO d DURACION
    (4) S -> . NOTA t TIEMPO - S
    (5) S -> . NOTA t TIEMPO | S
    (6) S -> . NOTA t TIEMPO
    (7) S -> . MOD ( MODOOCTAVA ) - S
    (8) S -> . MOD ( MODOOCTAVA ) | S
    (9) S -> . MOD ( MODOOCTAVA )
    (10) S -> . MOD ( MODODURACION ) - S
    (11) S -> . MOD ( MODODURACION ) | S
    (12) S -> . MOD ( MODODURACION )
    (13) S -> . INSTRUMENTO ( CAMBIOINSTRUMENTO ) - S
    (14) S -> . INSTRUMENTO ( CAMBIOINSTRUMENTO ) | S
    (15) S -> . INSTRUMENTO ( CAMBIOINSTRUMENTO )
    (16) S -> . MODOTEMPO - S
    (17) S -> . MODOTEMPO | S
    (18) S -> . MODOTEMPO
    (19) S -> . | S
    (20) S -> .

    NOTA            shift and go to state 4
    MOD             shift and go to state 6
    INSTRUMENTO     shift and go to state 3
    MODOTEMPO       shift and go to state 1
    |               shift and go to state 5
    $end            reduce using rule 20 (S -> .)

    S                              shift and go to state 42

state 37

    (2) S -> NOTA t TIEMPO d DURACION | . S
    (1) S -> . NOTA t TIEMPO d DURACION - S
    (2) S -> . NOTA t TIEMPO d DURACION | S
    (3) S -> . NOTA t TIEMPO d DURACION
    (4) S -> . NOTA t TIEMPO - S
    (5) S -> . NOTA t TIEMPO | S
    (6) S -> . NOTA t TIEMPO
    (7) S -> . MOD ( MODOOCTAVA ) - S
    (8) S -> . MOD ( MODOOCTAVA ) | S
    (9) S -> . MOD ( MODOOCTAVA )
    (10) S -> . MOD ( MODODURACION ) - S
    (11) S -> . MOD ( MODODURACION ) | S
    (12) S -> . MOD ( MODODURACION )
    (13) S -> . INSTRUMENTO ( CAMBIOINSTRUMENTO ) - S
    (14) S -> . INSTRUMENTO ( CAMBIOINSTRUMENTO ) | S
    (15) S -> . INSTRUMENTO ( CAMBIOINSTRUMENTO )
    (16) S -> . MODOTEMPO - S
    (17) S -> . MODOTEMPO | S
    (18) S -> . MODOTEMPO
    (19) S -> . | S
    (20) S -> .

    NOTA            shift and go to state 4
    MOD             shift and go to state 6
    INSTRUMENTO     shift and go to state 3
    MODOTEMPO       shift and go to state 1
    |               shift and go to state 5
    $end            reduce using rule 20 (S -> .)

    S                              shift and go to state 43

state 38

    (7) S -> MOD ( MODOOCTAVA ) - S .

    $end            reduce using rule 7 (S -> MOD ( MODOOCTAVA ) - S .)


state 39

    (8) S -> MOD ( MODOOCTAVA ) | S .

    $end            reduce using rule 8 (S -> MOD ( MODOOCTAVA ) | S .)


state 40

    (10) S -> MOD ( MODODURACION ) - S .

    $end            reduce using rule 10 (S -> MOD ( MODODURACION ) - S .)


state 41

    (11) S -> MOD ( MODODURACION ) | S .

    $end            reduce using rule 11 (S -> MOD ( MODODURACION ) | S .)


state 42

    (1) S -> NOTA t TIEMPO d DURACION - S .

    $end            reduce using rule 1 (S -> NOTA t TIEMPO d DURACION - S .)


state 43

    (2) S -> NOTA t TIEMPO d DURACION | S .

    $end            reduce using rule 2 (S -> NOTA t TIEMPO d DURACION | S .)

